<?xml version="1.0" encoding="UTF-8"?>
<!-- Generated by org.testng.reporters.JUnitReportReporter -->
<testsuite hostname="DESKTOP-CGI0AL8" failures="0" tests="1" name="com.maven.org.Maven_Project.facebook_testng" time="10.198" errors="0" timestamp="2021-03-27T16:27:52 IST" skipped="0">
  <testcase classname="com.maven.org.Maven_Project.facebook_testng" name="test" time="10.198"/>
  <system-out/>
</testsuite> <!-- com.maven.org.Maven_Project.facebook_testng -->
