<?xml version="1.0" encoding="UTF-8"?>
<!-- Generated by org.testng.reporters.JUnitReportReporter -->
<testsuite hostname="DESKTOP-CGI0AL8" failures="0" tests="4" name="com.maven.org.Maven_Project.Ignore_Test" time="0.019" errors="0" timestamp="2021-03-23T11:39:48 IST" skipped="1">
  <testcase classname="com.maven.org.Maven_Project.Ignore_Test" name="state" time="0.002"/>
  <system-out/>
  <testcase classname="com.maven.org.Maven_Project.Ignore_Test" name="age" time="0.002"/>
  <system-out/>
  <testcase classname="com.maven.org.Maven_Project.Ignore_Test" name="address" time="0.015"/>
  <system-out/>
  <testcase classname="com.maven.org.Maven_Project.Ignore_Test" name="name">
    <skipped/>
  </testcase> <!-- name -->
  <system-out/>
</testsuite> <!-- com.maven.org.Maven_Project.Ignore_Test -->
