<?xml version="1.0" encoding="UTF-8"?>
<!-- Generated by org.testng.reporters.JUnitReportReporter -->
<testsuite hostname="DESKTOP-CGI0AL8" failures="0" tests="1" name="com.maven.org.Maven_Project.Sample_annotation" time="0.016" errors="0" timestamp="2021-03-22T17:22:20 IST" skipped="0">
  <testcase classname="com.maven.org.Maven_Project.Sample_annotation" name="restuarantr" time="0.016"/>
  <system-out/>
</testsuite> <!-- com.maven.org.Maven_Project.Sample_annotation -->
