<?xml version="1.0" encoding="UTF-8"?>
<!-- Generated by org.testng.reporters.JUnitReportReporter -->
<testsuite hostname="DESKTOP-CGI0AL8" failures="0" tests="1" name="com.maven.org.Maven_Project.Exception_test" time="0.010" errors="0" timestamp="2021-03-23T12:25:48 IST" skipped="0">
  <testcase classname="com.maven.org.Maven_Project.Exception_test" name="arith" time="0.010"/>
  <system-out/>
</testsuite> <!-- com.maven.org.Maven_Project.Exception_test -->
