<?xml version="1.0" encoding="UTF-8"?>
<!-- Generated by org.testng.reporters.JUnitReportReporter -->
<testsuite hostname="DESKTOP-CGI0AL8" failures="0" tests="3" name="com.maven.org.Maven_Project.DataProviderTest" time="0.018" errors="0" timestamp="2021-03-24T15:22:14 IST" skipped="0">
  <testcase classname="com.maven.org.Maven_Project.DataProviderTest" name="crendentials" time="0.003"/>
  <system-out/>
  <testcase classname="com.maven.org.Maven_Project.DataProviderTest" name="crendentials" time="0.004"/>
  <system-out/>
  <testcase classname="com.maven.org.Maven_Project.DataProviderTest" name="crendentials" time="0.011"/>
  <system-out/>
</testsuite> <!-- com.maven.org.Maven_Project.DataProviderTest -->
