<?xml version="1.0" encoding="UTF-8"?>
<!-- Generated by org.testng.reporters.JUnitReportReporter -->
<testsuite hostname="DESKTOP-CGI0AL8" failures="0" tests="4" name="com.maven.org.Maven_Project.Time_out" time="0.022" errors="0" timestamp="2021-03-23T12:13:22 IST" skipped="0">
  <testcase classname="com.maven.org.Maven_Project.Time_out" name="confirmed" time="0.010"/>
  <system-out/>
  <testcase classname="com.maven.org.Maven_Project.Time_out" name="riding" time="0.008"/>
  <system-out/>
  <testcase classname="com.maven.org.Maven_Project.Time_out" name="destination" time="0.001"/>
  <system-out/>
  <testcase classname="com.maven.org.Maven_Project.Time_out" name="olabooking" time="0.003"/>
  <system-out/>
</testsuite> <!-- com.maven.org.Maven_Project.Time_out -->
