<?xml version="1.0" encoding="UTF-8"?>
<!-- Generated by org.testng.reporters.JUnitReportReporter -->
<testsuite hostname="DESKTOP-CGI0AL8" failures="0" tests="4" name="com.maven.org.Maven_Project.Grouptest" time="0.016" errors="0" timestamp="2021-03-24T12:13:55 IST" skipped="0">
  <testcase classname="com.maven.org.Maven_Project.Grouptest" name="empaccno" time="0.010"/>
  <system-out/>
  <testcase classname="com.maven.org.Maven_Project.Grouptest" name="empsalary" time="0.002"/>
  <system-out/>
  <testcase classname="com.maven.org.Maven_Project.Grouptest" name="empid" time="0.003"/>
  <system-out/>
  <testcase classname="com.maven.org.Maven_Project.Grouptest" name="empmobile" time="0.001"/>
  <system-out/>
</testsuite> <!-- com.maven.org.Maven_Project.Grouptest -->
