<?xml version="1.0" encoding="UTF-8"?>
<!-- Generated by org.testng.reporters.JUnitReportReporter -->
<testsuite hostname="DESKTOP-CGI0AL8" failures="0" tests="4" name="com.maven.org.Maven_Project.Priority_Test" time="0.018" errors="0" timestamp="2021-03-23T11:53:55 IST" skipped="0">
  <testcase classname="com.maven.org.Maven_Project.Priority_Test" name="Brush" time="0.010"/>
  <system-out/>
  <testcase classname="com.maven.org.Maven_Project.Priority_Test" name="Wakeup" time="0.002"/>
  <system-out/>
  <testcase classname="com.maven.org.Maven_Project.Priority_Test" name="office" time="0.004"/>
  <system-out/>
  <testcase classname="com.maven.org.Maven_Project.Priority_Test" name="work" time="0.002"/>
  <system-out/>
</testsuite> <!-- com.maven.org.Maven_Project.Priority_Test -->
