<?xml version="1.0" encoding="UTF-8"?>
<!-- Generated by org.testng.reporters.JUnitReportReporter -->
<testsuite hostname="DESKTOP-CGI0AL8" failures="0" tests="10" name="com.maven.org.Maven_Project.Multiple_Times" time="0.027" errors="0" timestamp="2021-03-23T11:59:52 IST" skipped="0">
  <testcase classname="com.maven.org.Maven_Project.Multiple_Times" name="deliver" time="0.002"/>
  <system-out/>
  <testcase classname="com.maven.org.Maven_Project.Multiple_Times" name="deliver" time="0.010"/>
  <system-out/>
  <testcase classname="com.maven.org.Maven_Project.Multiple_Times" name="deliver" time="0.002"/>
  <system-out/>
  <testcase classname="com.maven.org.Maven_Project.Multiple_Times" name="deliver" time="0.002"/>
  <system-out/>
  <testcase classname="com.maven.org.Maven_Project.Multiple_Times" name="deliver" time="0.001"/>
  <system-out/>
  <testcase classname="com.maven.org.Maven_Project.Multiple_Times" name="deliver" time="0.003"/>
  <system-out/>
  <testcase classname="com.maven.org.Maven_Project.Multiple_Times" name="deliver" time="0.002"/>
  <system-out/>
  <testcase classname="com.maven.org.Maven_Project.Multiple_Times" name="deliver" time="0.002"/>
  <system-out/>
  <testcase classname="com.maven.org.Maven_Project.Multiple_Times" name="deliver" time="0.002"/>
  <system-out/>
  <testcase classname="com.maven.org.Maven_Project.Multiple_Times" name="deliver" time="0.001"/>
  <system-out/>
</testsuite> <!-- com.maven.org.Maven_Project.Multiple_Times -->
